Mensaje I / 00:00:00:000 / Root(00) para top(01)
Mensaje I / 00:00:00:000 / top(01) para accesscontrol(02)
Mensaje I / 00:00:00:000 / top(01) para lot(03)
Mensaje D / 00:00:00:000 / accesscontrol(02) / 00:00:00:000 para top(01)
Mensaje I / 00:00:00:000 / lot(03) para sensor1(04)
Mensaje I / 00:00:00:000 / lot(03) para screen(05)
Mensaje D / 00:00:00:000 / sensor1(04) / 00:00:00:000 para lot(03)
Mensaje D / 00:00:00:000 / screen(05) / 00:00:00:000 para lot(03)
Mensaje D / 00:00:00:000 / lot(03) / 00:00:00:000 para top(01)
Mensaje D / 00:00:00:000 / top(01) / 00:00:00:000 para Root(00)
Mensaje X / 00:00:00:000 / Root(00) / in /      1.00000 para top(01)
Mensaje X / 00:00:00:000 / top(01) / in /      1.00000 para accesscontrol(02)
Mensaje D / 00:00:00:000 / accesscontrol(02) / 00:00:05:000 para top(01)
Mensaje D / 00:00:00:000 / top(01) / 00:00:00:000 para Root(00)
Mensaje * / 00:00:00:000 / Root(00) para top(01)
Mensaje * / 00:00:00:000 / top(01) para lot(03)
Mensaje * / 00:00:00:000 / lot(03) para sensor1(04)
Mensaje Y / 00:00:00:000 / sensor1(04) / out /      1.00000 para lot(03)
Mensaje D / 00:00:00:000 / sensor1(04) / ... para lot(03)
Mensaje X / 00:00:00:000 / lot(03) / in /      1.00000 para screen(05)
Mensaje D / 00:00:00:000 / screen(05) / 00:00:01:000 para lot(03)
Mensaje D / 00:00:00:000 / lot(03) / 00:00:01:000 para top(01)
Mensaje D / 00:00:00:000 / top(01) / 00:00:01:000 para Root(00)
Mensaje * / 00:00:01:000 / Root(00) para top(01)
Mensaje * / 00:00:01:000 / top(01) para lot(03)
Mensaje * / 00:00:01:000 / lot(03) para screen(05)
Mensaje Y / 00:00:01:000 / screen(05) / out /      1.00000 para lot(03)
Mensaje Y / 00:00:01:000 / screen(05) / out /     49.00000 para lot(03)
Mensaje D / 00:00:01:000 / screen(05) / ... para lot(03)
Mensaje Y / 00:00:01:000 / lot(03) / out /      1.00000 para top(01)
Mensaje Y / 00:00:01:000 / lot(03) / out /     49.00000 para top(01)
Mensaje D / 00:00:01:000 / lot(03) / ... para top(01)
Mensaje Y / 00:00:01:000 / top(01) / out /      1.00000 para Root(00)
Mensaje Y / 00:00:01:000 / top(01) / out /     49.00000 para Root(00)
Mensaje D / 00:00:01:000 / top(01) / 00:00:04:000 para Root(00)
Mensaje * / 00:00:05:000 / Root(00) para top(01)
Mensaje * / 00:00:05:000 / top(01) para accesscontrol(02)
Mensaje Y / 00:00:05:000 / accesscontrol(02) / out /      1.00000 para top(01)
Mensaje D / 00:00:05:000 / accesscontrol(02) / ... para top(01)
Mensaje X / 00:00:05:000 / top(01) / in /      1.00000 para lot(03)
Mensaje X / 00:00:05:000 / lot(03) / in /      1.00000 para sensor1(04)
Mensaje D / 00:00:05:000 / sensor1(04) / 00:00:01:000 para lot(03)
Mensaje D / 00:00:05:000 / lot(03) / 00:00:01:000 para top(01)
Mensaje D / 00:00:05:000 / top(01) / 00:00:01:000 para Root(00)
Mensaje * / 00:00:06:000 / Root(00) para top(01)
Mensaje * / 00:00:06:000 / top(01) para lot(03)
Mensaje * / 00:00:06:000 / lot(03) para sensor1(04)
Mensaje Y / 00:00:06:000 / sensor1(04) / out /      1.00000 para lot(03)
Mensaje D / 00:00:06:000 / sensor1(04) / ... para lot(03)
Mensaje X / 00:00:06:000 / lot(03) / in /      1.00000 para screen(05)
Mensaje D / 00:00:06:000 / screen(05) / 00:00:01:000 para lot(03)
Mensaje D / 00:00:06:000 / lot(03) / 00:00:01:000 para top(01)
Mensaje D / 00:00:06:000 / top(01) / 00:00:01:000 para Root(00)
Mensaje * / 00:00:07:000 / Root(00) para top(01)
Mensaje * / 00:00:07:000 / top(01) para lot(03)
Mensaje * / 00:00:07:000 / lot(03) para screen(05)
Mensaje Y / 00:00:07:000 / screen(05) / out /      1.00000 para lot(03)
Mensaje Y / 00:00:07:000 / screen(05) / out /     48.00000 para lot(03)
Mensaje D / 00:00:07:000 / screen(05) / ... para lot(03)
Mensaje Y / 00:00:07:000 / lot(03) / out /      1.00000 para top(01)
Mensaje Y / 00:00:07:000 / lot(03) / out /     48.00000 para top(01)
Mensaje D / 00:00:07:000 / lot(03) / ... para top(01)
Mensaje Y / 00:00:07:000 / top(01) / out /      1.00000 para Root(00)
Mensaje Y / 00:00:07:000 / top(01) / out /     48.00000 para Root(00)
Mensaje D / 00:00:07:000 / top(01) / ... para Root(00)
Mensaje X / 00:00:10:000 / Root(00) / in /      1.00000 para top(01)
Mensaje X / 00:00:10:000 / top(01) / in /      1.00000 para accesscontrol(02)
Mensaje D / 00:00:10:000 / accesscontrol(02) / 00:00:05:000 para top(01)
Mensaje D / 00:00:10:000 / top(01) / 00:00:05:000 para Root(00)
Mensaje * / 00:00:15:000 / Root(00) para top(01)
Mensaje * / 00:00:15:000 / top(01) para accesscontrol(02)
Mensaje Y / 00:00:15:000 / accesscontrol(02) / out /      1.00000 para top(01)
Mensaje D / 00:00:15:000 / accesscontrol(02) / ... para top(01)
Mensaje X / 00:00:15:000 / top(01) / in /      1.00000 para lot(03)
Mensaje X / 00:00:15:000 / lot(03) / in /      1.00000 para sensor1(04)
Mensaje D / 00:00:15:000 / sensor1(04) / 00:00:01:000 para lot(03)
Mensaje D / 00:00:15:000 / lot(03) / 00:00:01:000 para top(01)
Mensaje D / 00:00:15:000 / top(01) / 00:00:01:000 para Root(00)
Mensaje * / 00:00:16:000 / Root(00) para top(01)
Mensaje * / 00:00:16:000 / top(01) para lot(03)
Mensaje * / 00:00:16:000 / lot(03) para sensor1(04)
Mensaje Y / 00:00:16:000 / sensor1(04) / out /      1.00000 para lot(03)
Mensaje D / 00:00:16:000 / sensor1(04) / ... para lot(03)
Mensaje X / 00:00:16:000 / lot(03) / in /      1.00000 para screen(05)
Mensaje D / 00:00:16:000 / screen(05) / 00:00:01:000 para lot(03)
Mensaje D / 00:00:16:000 / lot(03) / 00:00:01:000 para top(01)
Mensaje D / 00:00:16:000 / top(01) / 00:00:01:000 para Root(00)
Mensaje * / 00:00:17:000 / Root(00) para top(01)
Mensaje * / 00:00:17:000 / top(01) para lot(03)
Mensaje * / 00:00:17:000 / lot(03) para screen(05)
Mensaje Y / 00:00:17:000 / screen(05) / out /      1.00000 para lot(03)
Mensaje Y / 00:00:17:000 / screen(05) / out /     47.00000 para lot(03)
Mensaje D / 00:00:17:000 / screen(05) / ... para lot(03)
Mensaje Y / 00:00:17:000 / lot(03) / out /      1.00000 para top(01)
Mensaje Y / 00:00:17:000 / lot(03) / out /     47.00000 para top(01)
Mensaje D / 00:00:17:000 / lot(03) / ... para top(01)
Mensaje Y / 00:00:17:000 / top(01) / out /      1.00000 para Root(00)
Mensaje Y / 00:00:17:000 / top(01) / out /     47.00000 para Root(00)
Mensaje D / 00:00:17:000 / top(01) / ... para Root(00)
Mensaje X / 00:00:20:000 / Root(00) / in /      1.00000 para top(01)
Mensaje X / 00:00:20:000 / top(01) / in /      1.00000 para accesscontrol(02)
Mensaje D / 00:00:20:000 / accesscontrol(02) / 00:00:05:000 para top(01)
Mensaje D / 00:00:20:000 / top(01) / 00:00:05:000 para Root(00)
Mensaje * / 00:00:25:000 / Root(00) para top(01)
Mensaje * / 00:00:25:000 / top(01) para accesscontrol(02)
Mensaje Y / 00:00:25:000 / accesscontrol(02) / out /      1.00000 para top(01)
Mensaje D / 00:00:25:000 / accesscontrol(02) / ... para top(01)
Mensaje X / 00:00:25:000 / top(01) / in /      1.00000 para lot(03)
Mensaje X / 00:00:25:000 / lot(03) / in /      1.00000 para sensor1(04)
Mensaje D / 00:00:25:000 / sensor1(04) / 00:00:01:000 para lot(03)
Mensaje D / 00:00:25:000 / lot(03) / 00:00:01:000 para top(01)
Mensaje D / 00:00:25:000 / top(01) / 00:00:01:000 para Root(00)
Mensaje * / 00:00:26:000 / Root(00) para top(01)
Mensaje * / 00:00:26:000 / top(01) para lot(03)
Mensaje * / 00:00:26:000 / lot(03) para sensor1(04)
Mensaje Y / 00:00:26:000 / sensor1(04) / out /      1.00000 para lot(03)
Mensaje D / 00:00:26:000 / sensor1(04) / ... para lot(03)
Mensaje X / 00:00:26:000 / lot(03) / in /      1.00000 para screen(05)
Mensaje D / 00:00:26:000 / screen(05) / 00:00:01:000 para lot(03)
Mensaje D / 00:00:26:000 / lot(03) / 00:00:01:000 para top(01)
Mensaje D / 00:00:26:000 / top(01) / 00:00:01:000 para Root(00)
Mensaje * / 00:00:27:000 / Root(00) para top(01)
Mensaje * / 00:00:27:000 / top(01) para lot(03)
Mensaje * / 00:00:27:000 / lot(03) para screen(05)
Mensaje Y / 00:00:27:000 / screen(05) / out /      1.00000 para lot(03)
Mensaje Y / 00:00:27:000 / screen(05) / out /     46.00000 para lot(03)
Mensaje D / 00:00:27:000 / screen(05) / ... para lot(03)
Mensaje Y / 00:00:27:000 / lot(03) / out /      1.00000 para top(01)
Mensaje Y / 00:00:27:000 / lot(03) / out /     46.00000 para top(01)
Mensaje D / 00:00:27:000 / lot(03) / ... para top(01)
Mensaje Y / 00:00:27:000 / top(01) / out /      1.00000 para Root(00)
Mensaje Y / 00:00:27:000 / top(01) / out /     46.00000 para Root(00)
Mensaje D / 00:00:27:000 / top(01) / ... para Root(00)
Mensaje X / 00:00:30:000 / Root(00) / in /      1.00000 para top(01)
Mensaje X / 00:00:30:000 / top(01) / in /      1.00000 para accesscontrol(02)
Mensaje D / 00:00:30:000 / accesscontrol(02) / 00:00:05:000 para top(01)
Mensaje D / 00:00:30:000 / top(01) / 00:00:05:000 para Root(00)
Mensaje * / 00:00:35:000 / Root(00) para top(01)
Mensaje * / 00:00:35:000 / top(01) para accesscontrol(02)
Mensaje Y / 00:00:35:000 / accesscontrol(02) / out /      1.00000 para top(01)
Mensaje D / 00:00:35:000 / accesscontrol(02) / ... para top(01)
Mensaje X / 00:00:35:000 / top(01) / in /      1.00000 para lot(03)
Mensaje X / 00:00:35:000 / lot(03) / in /      1.00000 para sensor1(04)
Mensaje D / 00:00:35:000 / sensor1(04) / 00:00:01:000 para lot(03)
Mensaje D / 00:00:35:000 / lot(03) / 00:00:01:000 para top(01)
Mensaje D / 00:00:35:000 / top(01) / 00:00:01:000 para Root(00)
Mensaje * / 00:00:36:000 / Root(00) para top(01)
Mensaje * / 00:00:36:000 / top(01) para lot(03)
Mensaje * / 00:00:36:000 / lot(03) para sensor1(04)
Mensaje Y / 00:00:36:000 / sensor1(04) / out /      1.00000 para lot(03)
Mensaje D / 00:00:36:000 / sensor1(04) / ... para lot(03)
Mensaje X / 00:00:36:000 / lot(03) / in /      1.00000 para screen(05)
Mensaje D / 00:00:36:000 / screen(05) / 00:00:01:000 para lot(03)
Mensaje D / 00:00:36:000 / lot(03) / 00:00:01:000 para top(01)
Mensaje D / 00:00:36:000 / top(01) / 00:00:01:000 para Root(00)
Mensaje * / 00:00:37:000 / Root(00) para top(01)
Mensaje * / 00:00:37:000 / top(01) para lot(03)
Mensaje * / 00:00:37:000 / lot(03) para screen(05)
Mensaje Y / 00:00:37:000 / screen(05) / out /      1.00000 para lot(03)
Mensaje Y / 00:00:37:000 / screen(05) / out /     45.00000 para lot(03)
Mensaje D / 00:00:37:000 / screen(05) / ... para lot(03)
Mensaje Y / 00:00:37:000 / lot(03) / out /      1.00000 para top(01)
Mensaje Y / 00:00:37:000 / lot(03) / out /     45.00000 para top(01)
Mensaje D / 00:00:37:000 / lot(03) / ... para top(01)
Mensaje Y / 00:00:37:000 / top(01) / out /      1.00000 para Root(00)
Mensaje Y / 00:00:37:000 / top(01) / out /     45.00000 para Root(00)
Mensaje D / 00:00:37:000 / top(01) / ... para Root(00)
